<?xml version="1.0" encoding="UTF-8"?>
<!-- Generated by org.testng.reporters.JUnitReportReporter -->
<testsuite hostname="LENOVO" failures="0" tests="1" name="project_testng.ClassSixtynine" time="2.231" errors="0" timestamp="2024-02-21T21:27:19 IST" skipped="0">
  <testcase classname="project_testng.ClassSixtynine" name="Class" time="2.231"/>
  <system-out/>
</testsuite> <!-- project_testng.ClassSixtynine -->
