<?xml version="1.0" encoding="UTF-8"?>
<!-- Generated by org.testng.reporters.JUnitReportReporter -->
<testsuite hostname="LENOVO" failures="0" tests="1" name="project_testng.Amazon_log" time="0.019" errors="0" timestamp="2024-02-08T10:17:00 IST" skipped="0">
  <testcase classname="project_testng.Amazon_log" name="Class" time="0.019"/>
  <system-out/>
</testsuite> <!-- project_testng.Amazon_log -->
