<?xml version="1.0" encoding="UTF-8"?>
<!-- Generated by org.testng.reporters.JUnitReportReporter -->
<testsuite hostname="LENOVO" failures="0" tests="1" name="amazon_package.TestCase_one3" time="65.656" errors="0" timestamp="2024-02-15T16:20:21 IST" skipped="0">
  <testcase classname="amazon_package.TestCase_one3" name="amozn" time="65.656"/>
  <system-out/>
</testsuite> <!-- amazon_package.TestCase_one3 -->
