<?xml version="1.0" encoding="UTF-8"?>
<!-- Generated by org.testng.reporters.JUnitReportReporter -->
<testsuite hostname="LENOVO" failures="0" tests="1" name="project_testng.Class_one" time="0.030" errors="0" timestamp="2024-02-10T15:21:41 IST" skipped="0">
  <testcase classname="project_testng.Class_one" name="Class" time="0.030"/>
  <system-out/>
</testsuite> <!-- project_testng.Class_one -->
