<?xml version="1.0" encoding="UTF-8"?>
<!-- Generated by org.testng.reporters.JUnitReportReporter -->
<testsuite hostname="LENOVO" failures="0" tests="1" name="parameter_annotation.Parallel_testing" time="9.483" errors="0" timestamp="2024-02-20T16:47:02 IST" skipped="0">
  <testcase classname="parameter_annotation.Parallel_testing" name="Method_one" time="9.483"/>
  <system-out/>
</testsuite> <!-- parameter_annotation.Parallel_testing -->
