<?xml version="1.0" encoding="UTF-8"?>
<!-- Generated by org.testng.reporters.JUnitReportReporter -->
<testsuite hostname="LENOVO" failures="0" tests="5" name="data_provider_package.Double_datatype" time="0.057" errors="0" timestamp="2024-02-21T12:37:23 IST" skipped="0">
  <testcase classname="data_provider_package.Double_datatype" name="Datatype" time="0.008"/>
  <system-out/>
  <testcase classname="data_provider_package.Double_datatype" name="Datatype" time="0.014"/>
  <system-out/>
  <testcase classname="data_provider_package.Double_datatype" name="Datatype" time="0.005"/>
  <system-out/>
  <testcase classname="data_provider_package.Double_datatype" name="Datatype" time="0.025"/>
  <system-out/>
  <testcase classname="data_provider_package.Double_datatype" name="Datatype" time="0.005"/>
  <system-out/>
</testsuite> <!-- data_provider_package.Double_datatype -->
