<?xml version="1.0" encoding="UTF-8"?>
<!-- Generated by org.testng.reporters.JUnitReportReporter -->
<testsuite hostname="LENOVO" failures="0" tests="3" name="project_testng.Class_two" time="0.062" errors="0" timestamp="2024-02-09T17:58:16 IST" skipped="0">
  <testcase classname="project_testng.Class_two" name="Two" time="0.030"/>
  <system-out/>
  <testcase classname="project_testng.Class_two" name="Three" time="0.011"/>
  <system-out/>
  <testcase classname="project_testng.Class_two" name="One" time="0.021"/>
  <system-out/>
</testsuite> <!-- project_testng.Class_two -->
