<?xml version="1.0" encoding="UTF-8"?>
<!-- Generated by org.testng.reporters.JUnitReportReporter -->
<testsuite hostname="LENOVO" failures="0" tests="1" name="parameter_annotation.Multiple_browser" time="9.680" errors="0" timestamp="2024-02-20T16:04:50 IST" skipped="0">
  <testcase classname="parameter_annotation.Multiple_browser" name="Launch_browser" time="9.680"/>
  <system-out/>
</testsuite> <!-- parameter_annotation.Multiple_browser -->
