<?xml version="1.0" encoding="UTF-8"?>
<!-- Generated by org.testng.reporters.JUnitReportReporter -->
<testsuite hostname="LENOVO" failures="0" tests="1" name="drag_and_drop.Drag_and_drop" time="48.967" errors="0" timestamp="2024-02-11T13:40:44 IST" skipped="0">
  <testcase classname="drag_and_drop.Drag_and_drop" name="nakuri" time="48.967"/>
  <system-out/>
</testsuite> <!-- drag_and_drop.Drag_and_drop -->
