<?xml version="1.0" encoding="UTF-8"?>
<!-- Generated by org.testng.reporters.JUnitReportReporter -->
<testsuite hostname="LENOVO" failures="0" tests="1" name="scroll_down_up.Scroll_Down" time="26.577" errors="0" timestamp="2024-02-15T15:49:15 IST" skipped="0">
  <testcase classname="scroll_down_up.Scroll_Down" name="Down_scroll" time="26.577"/>
  <system-out/>
</testsuite> <!-- scroll_down_up.Scroll_Down -->
