<?xml version="1.0" encoding="UTF-8"?>
<!-- Generated by org.testng.reporters.JUnitReportReporter -->
<testsuite hostname="LENOVO" failures="0" tests="1" name="amazon_package.Shoes_search" time="51.843" errors="0" timestamp="2024-02-18T13:42:26 IST" skipped="0">
  <testcase classname="amazon_package.Shoes_search" name="Shoes" time="51.843"/>
  <system-out/>
</testsuite> <!-- amazon_package.Shoes_search -->
