<?xml version="1.0" encoding="UTF-8"?>
<!-- Generated by org.testng.reporters.JUnitReportReporter -->
<testsuite hostname="LENOVO" failures="0" tests="1" name="drag_drop.DragDrop" time="19.702" errors="0" timestamp="2024-02-12T17:31:35 IST" skipped="0">
  <testcase classname="drag_drop.DragDrop" name="Drag" time="19.702"/>
  <system-out/>
</testsuite> <!-- drag_drop.DragDrop -->
