<?xml version="1.0" encoding="UTF-8"?>
<!-- Generated by org.testng.reporters.JUnitReportReporter -->
<testsuite hostname="LENOVO" failures="0" tests="1" name="project_testng.Enable_class" time="0.023" errors="0" timestamp="2024-02-11T17:12:21 IST" skipped="0">
  <testcase classname="project_testng.Enable_class" name="apple" time="0.023"/>
  <system-out/>
</testsuite> <!-- project_testng.Enable_class -->
