<?xml version="1.0" encoding="UTF-8"?>
<!-- Generated by org.testng.reporters.JUnitReportReporter -->
<testsuite hostname="LENOVO" failures="0" tests="4" name="data_provider_package.Data_type_string" time="0.058" errors="0" timestamp="2024-02-21T12:29:01 IST" skipped="0">
  <testcase classname="data_provider_package.Data_type_string" name="Method_two" time="0.007"/>
  <system-out/>
  <testcase classname="data_provider_package.Data_type_string" name="Method_two" time="0.015"/>
  <system-out/>
  <testcase classname="data_provider_package.Data_type_string" name="Method_two" time="0.023"/>
  <system-out/>
  <testcase classname="data_provider_package.Data_type_string" name="Method_two" time="0.013"/>
  <system-out/>
</testsuite> <!-- data_provider_package.Data_type_string -->
