<?xml version="1.0" encoding="UTF-8"?>
<!-- Generated by org.testng.reporters.JUnitReportReporter -->
<testsuite hostname="LENOVO" failures="0" tests="1" name="parameter_annotation.FB_sign_up" time="8.546" errors="0" timestamp="2024-02-23T20:30:57 IST" skipped="0">
  <testcase classname="parameter_annotation.FB_sign_up" name="facebook" time="8.546"/>
  <system-out/>
</testsuite> <!-- parameter_annotation.FB_sign_up -->
