<?xml version="1.0" encoding="UTF-8"?>
<!-- Generated by org.testng.reporters.JUnitReportReporter -->
<testsuite hostname="LENOVO" failures="0" tests="7" name="data_provider_package.Multidimentional" time="132.020" errors="0" timestamp="2024-02-21T21:40:25 IST" skipped="0">
  <testcase classname="data_provider_package.Multidimentional" name="Log_in" time="14.207"/>
  <system-out/>
  <testcase classname="data_provider_package.Multidimentional" name="Log_in" time="15.842"/>
  <system-out/>
  <testcase classname="data_provider_package.Multidimentional" name="Log_in" time="17.015"/>
  <system-out/>
  <testcase classname="data_provider_package.Multidimentional" name="Log_in" time="15.682"/>
  <system-out/>
  <testcase classname="data_provider_package.Multidimentional" name="Log_in" time="19.269"/>
  <system-out/>
  <testcase classname="data_provider_package.Multidimentional" name="Log_in" time="29.182"/>
  <system-out/>
  <testcase classname="data_provider_package.Multidimentional" name="Log_in" time="20.823"/>
  <system-out/>
</testsuite> <!-- data_provider_package.Multidimentional -->
