<?xml version="1.0" encoding="UTF-8"?>
<!-- Generated by org.testng.reporters.JUnitReportReporter -->
<testsuite hostname="LENOVO" failures="0" tests="5" name="data_provider_package.Launch_goolge" time="208.679" errors="0" timestamp="2024-02-21T13:05:27 IST" skipped="0">
  <testcase classname="data_provider_package.Launch_goolge" name="Launch_google" time="23.520"/>
  <system-out/>
  <testcase classname="data_provider_package.Launch_goolge" name="Launch_google" time="51.594"/>
  <system-out/>
  <testcase classname="data_provider_package.Launch_goolge" name="Launch_google" time="26.309"/>
  <system-out/>
  <testcase classname="data_provider_package.Launch_goolge" name="Launch_google" time="48.499"/>
  <system-out/>
  <testcase classname="data_provider_package.Launch_goolge" name="Launch_google" time="58.757"/>
  <system-out/>
</testsuite> <!-- data_provider_package.Launch_goolge -->
