<?xml version="1.0" encoding="UTF-8"?>
<!-- Generated by org.testng.reporters.JUnitReportReporter -->
<testsuite hostname="LENOVO" failures="0" tests="1" name="data_provider_package.fblogin" time="9.802" errors="0" timestamp="2024-02-21T16:33:09 IST" skipped="0">
  <testcase classname="data_provider_package.fblogin" name="loginn" time="9.802"/>
  <system-out/>
</testsuite> <!-- data_provider_package.fblogin -->
