<?xml version="1.0" encoding="UTF-8"?>
<!-- Generated by org.testng.reporters.JUnitReportReporter -->
<testsuite hostname="LENOVO" failures="0" tests="1" name="amazon_package.Add_to_cart" time="52.946" errors="0" timestamp="2024-02-16T19:15:56 IST" skipped="0">
  <testcase classname="amazon_package.Add_to_cart" name="Add_cart" time="52.946"/>
  <system-out/>
</testsuite> <!-- amazon_package.Add_to_cart -->
