<?xml version="1.0" encoding="UTF-8"?>
<!-- Generated by org.testng.reporters.JUnitReportReporter -->
<testsuite hostname="LENOVO" failures="0" tests="5" name="data_provider_package.Get_title" time="0.061" errors="0" timestamp="2024-02-21T11:58:39 IST" skipped="0">
  <testcase classname="data_provider_package.Get_title" name="Launch" time="0.018"/>
  <system-out/>
  <testcase classname="data_provider_package.Get_title" name="Launch" time="0.012"/>
  <system-out/>
  <testcase classname="data_provider_package.Get_title" name="Launch" time="0.014"/>
  <system-out/>
  <testcase classname="data_provider_package.Get_title" name="Launch" time="0.010"/>
  <system-out/>
  <testcase classname="data_provider_package.Get_title" name="Launch" time="0.007"/>
  <system-out/>
</testsuite> <!-- data_provider_package.Get_title -->
