<?xml version="1.0" encoding="UTF-8"?>
<!-- Generated by org.testng.reporters.JUnitReportReporter -->
<testsuite hostname="LENOVO" failures="0" tests="1" name="scroll_down_up.You_Tube" time="31.170" errors="0" timestamp="2024-02-15T16:05:01 IST" skipped="0">
  <testcase classname="scroll_down_up.You_Tube" name="Down_scroll" time="31.170"/>
  <system-out/>
</testsuite> <!-- scroll_down_up.You_Tube -->
